+----------------------------------------------------------+
| FACILITY Box                                             |
+----------------------------------------------------------+
|  Status = not BUSY                                       |
|  Time interval = 0 - 1000                                |
|  Number of requests = 21                                 |
|  Average utilization = 0.21                              |
+----------------------------------------------------------+
  Input queue 'Box.Q1'
+----------------------------------------------------------+
| QUEUE Q1                                                 |
+----------------------------------------------------------+
|  Time interval = 0 - 1000                                |
|  Incoming  3                                             |
|  Outcoming  3                                            |
|  Current length = 0                                      |
|  Maximal length = 1                                      |
|  Average length = 0.0125103                              |
|  Minimal time = 0.232869                                 |
|  Maximal time = 9.41238                                  |
|  Average time = 4.17009                                  |
+----------------------------------------------------------+

+----------------------------------------------------------+
| HISTOGRAM Table                                          |
+----------------------------------------------------------+
| STATISTIC                                                |
+----------------------------------------------------------+
|  Min = 10                      Max = 19.4124             |
|  Number of records = 21                                  |
|  Average value = 10.5957                                 |
+----------------------------------------------------------+
|    from    |     to     |     n    |   rel    |   sum    |
+------------+------------+----------+----------+----------+
|      0.000 |     25.000 |       21 | 1.000000 | 1.000000 |
|     25.000 |     50.000 |        0 | 0.000000 | 1.000000 |
|     50.000 |     75.000 |        0 | 0.000000 | 1.000000 |
|     75.000 |    100.000 |        0 | 0.000000 | 1.000000 |
|    100.000 |    125.000 |        0 | 0.000000 | 1.000000 |
|    125.000 |    150.000 |        0 | 0.000000 | 1.000000 |
|    150.000 |    175.000 |        0 | 0.000000 | 1.000000 |
|    175.000 |    200.000 |        0 | 0.000000 | 1.000000 |
|    200.000 |    225.000 |        0 | 0.000000 | 1.000000 |
|    225.000 |    250.000 |        0 | 0.000000 | 1.000000 |
|    250.000 |    275.000 |        0 | 0.000000 | 1.000000 |
|    275.000 |    300.000 |        0 | 0.000000 | 1.000000 |
|    300.000 |    325.000 |        0 | 0.000000 | 1.000000 |
|    325.000 |    350.000 |        0 | 0.000000 | 1.000000 |
|    350.000 |    375.000 |        0 | 0.000000 | 1.000000 |
|    375.000 |    400.000 |        0 | 0.000000 | 1.000000 |
|    400.000 |    425.000 |        0 | 0.000000 | 1.000000 |
|    425.000 |    450.000 |        0 | 0.000000 | 1.000000 |
|    450.000 |    475.000 |        0 | 0.000000 | 1.000000 |
|    475.000 |    500.000 |        0 | 0.000000 | 1.000000 |
+------------+------------+----------+----------+----------+

